<?xml version="1.0" encoding="UTF-8"?>
<!-- Generated by org.testng.reporters.JUnitReportReporter -->
<testsuite hostname="LAPTOP-5200UCR4" failures="0" tests="12" name="runner.CarBookingRunner" time="200.036" errors="0" timestamp="2022-01-18T13:58:52 IST" skipped="0">
  <testcase classname="runner.CarBookingRunner" name="validateTitle" time="7.612"/>
  <testcase classname="runner.CarBookingRunner" name="LogIn" time="21.870"/>
  <testcase classname="runner.CarBookingRunner" name="Bookings" time="34.990"/>
  <testcase classname="runner.CarBookingRunner" name="Register" time="22.943"/>
  <testcase classname="runner.CarBookingRunner" name="Aboutus" time="11.232"/>
  <testcase classname="runner.CarBookingRunner" name="airporttaxi" time="18.486"/>
  <testcase classname="runner.CarBookingRunner" name="CheckCabTypes" time="13.216"/>
  <testcase classname="runner.CarBookingRunner" name="ContactUs" time="13.473"/>
  <testcase classname="runner.CarBookingRunner" name="localcars" time="13.905"/>
  <testcase classname="runner.CarBookingRunner" name="oneway" time="11.667"/>
  <testcase classname="runner.CarBookingRunner" name="RoundTrip" time="18.884"/>
  <testcase classname="runner.CarBookingRunner" name="TravelAgents" time="11.758"/>
</testsuite> <!-- runner.CarBookingRunner -->
