<?xml version="1.0" encoding="UTF-8"?>
<!-- Generated by org.testng.reporters.JUnitReportReporter -->
<testsuite hostname="LAPTOP-5200UCR4" failures="0" tests="1" name="mindtree.Comprehensive_framework.AppTest" time="0.021" errors="0" timestamp="2022-01-18T15:00:58 IST" skipped="0">
  <testcase classname="mindtree.Comprehensive_framework.AppTest" name="shouldAnswerWithTrue" time="0.021"/>
</testsuite> <!-- mindtree.Comprehensive_framework.AppTest -->
